[2010/03/05 05:11:05] La variable emails no se ha definido.
[2010/03/07 01:30:15] La variable idparticipant no se ha definido.
[2010/03/07 01:30:21] La variable id no se ha definido.
[2010/03/07 01:30:21] La variable id_user no se ha definido.
[2010/03/07 01:30:25] La variable idparticipant no se ha definido.
[2010/04/25 02:45:43] The user "aalejo@gmail.com" already exists.
[2010/04/25 02:46:33] The user "aalejo@gmail.com" already exists.
[2010/04/25 02:49:34] The user "aalejo@gmail.com" already exists.
[2010/04/25 02:50:20] The user "aalejo@gmail.com" already exists.
[2010/04/25 02:50:32] The user "aalejo@gmail.com" already exists.
[2010/04/25 02:56:17] The user "aalejo@gmail.com" already exists.
[2010/04/25 02:57:13] The user "aalejo@gmail.com" already exists.
[2010/04/25 03:01:26] No se realizo el cambio de contraseña
[2010/04/25 03:02:11] No se realizo el cambio de contraseña
[2010/04/25 03:02:38] No se realizo el cambio de contraseña
[2010/04/25 03:04:31] No se realizo el cambio de contraseña
[2010/04/25 03:04:43] No se realizo el cambio de contraseña
[2012/04/02 09:37:28] La variable idPoll no se ha definido.
[2012/04/02 09:37:28] La variable idPoll no se ha definido.
[2012/04/02 09:37:28] La variable idPoll no se ha definido.
[2012/04/02 09:39:04] La variable idPoll no se ha definido.
[2012/04/02 09:39:04] La variable idPoll no se ha definido.
[2012/04/02 09:39:04] La variable idPoll no se ha definido.
[2012/04/02 09:42:22] La variable idPoll no se ha definido.
[2012/04/02 09:42:22] La variable idPoll no se ha definido.
[2012/04/02 09:42:22] La variable idPoll no se ha definido.
[2012/04/02 09:42:25] La variable idPoll no se ha definido.
[2012/04/02 09:42:25] La variable idPoll no se ha definido.
[2012/04/02 09:42:25] La variable idPoll no se ha definido.
[2012/04/02 09:42:47] La variable idPoll no se ha definido.
[2012/04/02 09:42:47] La variable idPoll no se ha definido.
[2012/04/02 09:42:47] La variable idPoll no se ha definido.
[2012/04/02 09:46:00] La variable idPoll no se ha definido.
[2012/04/02 09:46:00] La variable idPoll no se ha definido.
[2012/04/02 09:46:00] La variable idPoll no se ha definido.
[2012/04/02 09:46:27] La variable idPoll no se ha definido.
[2012/04/02 09:46:27] La variable idPoll no se ha definido.
[2012/04/02 09:46:27] La variable idPoll no se ha definido.
[2012/04/02 09:50:14] La variable idPoll no se ha definido.
[2012/04/02 09:50:14] La variable idPoll no se ha definido.
[2012/04/02 09:50:14] La variable idPoll no se ha definido.
[2012/04/02 10:06:34] La variable idPoll no se ha definido.
[2012/04/02 10:06:34] La variable idPoll no se ha definido.
[2012/04/02 10:06:34] La variable idPoll no se ha definido.
[2012/04/02 10:07:03] La variable idPoll no se ha definido.
[2012/04/02 10:07:03] La variable idPoll no se ha definido.
[2012/04/02 10:07:04] La variable idPoll no se ha definido.
[2012/04/02 10:07:14] La variable idPoll no se ha definido.
[2012/04/02 10:07:14] La variable idPoll no se ha definido.
[2012/04/02 10:07:14] La variable idPoll no se ha definido.
[2012/04/02 10:08:36] La variable idPoll no se ha definido.
[2012/04/02 10:08:36] La variable idPoll no se ha definido.
[2012/04/02 10:08:36] La variable idPoll no se ha definido.
[2012/04/02 10:08:39] La variable idPoll no se ha definido.
[2012/04/02 10:08:39] La variable idPoll no se ha definido.
[2012/04/02 10:08:39] La variable idPoll no se ha definido.
[2012/04/02 10:09:53] La variable idPoll no se ha definido.
[2012/04/02 10:09:53] La variable idPoll no se ha definido.
[2012/04/02 10:09:53] La variable idPoll no se ha definido.
[2012/04/02 10:10:14] La variable idPoll no se ha definido.
[2012/04/02 10:10:14] La variable idPoll no se ha definido.
[2012/04/02 10:10:14] La variable idPoll no se ha definido.
[2012/04/02 10:10:27] La variable idPoll no se ha definido.
[2012/04/02 10:10:27] La variable idPoll no se ha definido.
[2012/04/02 10:10:27] La variable idPoll no se ha definido.
[2012/04/02 10:11:49] La variable idPoll no se ha definido.
[2012/04/02 10:11:49] La variable idPoll no se ha definido.
[2012/04/02 10:11:49] La variable idPoll no se ha definido.
[2012/04/02 10:12:08] La variable idPoll no se ha definido.
[2012/04/02 10:12:08] La variable idPoll no se ha definido.
[2012/04/02 10:12:08] La variable idPoll no se ha definido.
[2012/04/02 10:14:48] La variable idPoll no se ha definido.
[2012/04/02 10:14:48] La variable idPoll no se ha definido.
[2012/04/02 10:14:48] La variable idPoll no se ha definido.
[2012/04/02 10:15:22] La variable idPoll no se ha definido.
[2012/04/02 10:15:56] La variable idPoll no se ha definido.
[2012/04/02 10:38:13] La variable idPoll no se ha definido.
[2012/04/02 10:38:13] La variable idPoll no se ha definido.
[2012/04/02 10:38:19] La variable idPoll no se ha definido.
[2012/04/02 10:38:19] La variable idPoll no se ha definido.
[2012/04/02 10:38:23] La variable idPoll no se ha definido.
[2012/04/02 10:38:23] La variable idPoll no se ha definido.
[2012/04/02 10:38:26] La variable idPoll no se ha definido.
[2012/04/02 10:38:26] La variable idPoll no se ha definido.
[2012/04/02 10:38:29] La variable idPoll no se ha definido.
[2012/04/02 10:38:29] La variable idPoll no se ha definido.
[2012/04/02 10:38:31] La variable idPoll no se ha definido.
[2012/04/02 10:38:31] La variable idPoll no se ha definido.
[2012/04/02 10:38:34] La variable idPoll no se ha definido.
[2012/04/02 10:38:34] La variable idPoll no se ha definido.
[2012/04/02 10:38:36] La variable idPoll no se ha definido.
[2012/04/02 10:38:36] La variable idPoll no se ha definido.
[2012/04/02 10:39:16] La variable idPoll no se ha definido.
[2012/04/02 10:39:16] La variable idPoll no se ha definido.
[2012/04/02 10:39:20] La variable idPoll no se ha definido.
[2012/04/02 10:39:20] La variable idPoll no se ha definido.
[2012/04/02 10:39:24] La variable idPoll no se ha definido.
[2012/04/02 10:39:24] La variable idPoll no se ha definido.
[2012/04/02 10:39:43] La variable idPoll no se ha definido.
[2012/04/02 10:39:43] La variable idPoll no se ha definido.
[2012/04/02 10:39:46] La variable idPoll no se ha definido.
[2012/04/02 10:39:46] La variable idPoll no se ha definido.
[2012/04/02 10:39:49] La variable idPoll no se ha definido.
[2012/04/02 10:39:49] La variable idPoll no se ha definido.
[2012/04/02 10:43:40] La variable idPoll no se ha definido.
[2012/04/02 10:43:40] La variable idPoll no se ha definido.
[2012/04/02 10:43:54] La variable idPoll no se ha definido.
[2012/04/02 10:43:54] La variable idPoll no se ha definido.
[2012/04/02 10:43:57] La variable idPoll no se ha definido.
[2012/04/02 10:43:57] La variable idPoll no se ha definido.
[2012/04/02 10:44:14] La variable idPoll no se ha definido.
[2012/04/02 10:44:14] La variable idPoll no se ha definido.
[2012/04/02 10:44:18] La variable idPoll no se ha definido.
[2012/04/02 10:44:18] La variable idPoll no se ha definido.
[2012/04/02 10:44:20] La variable idPoll no se ha definido.
[2012/04/02 10:44:20] La variable idPoll no se ha definido.
[2012/04/02 10:44:24] La variable idPoll no se ha definido.
[2012/04/02 10:44:24] La variable idPoll no se ha definido.
[2012/04/02 10:44:27] La variable idPoll no se ha definido.
[2012/04/02 10:44:27] La variable idPoll no se ha definido.
[2012/04/02 10:44:48] La variable idPoll no se ha definido.
[2012/04/02 10:44:48] La variable idPoll no se ha definido.
[2012/04/02 10:44:51] La variable idPoll no se ha definido.
[2012/04/02 10:44:51] La variable idPoll no se ha definido.
[2012/04/02 10:44:54] La variable idPoll no se ha definido.
[2012/04/02 10:44:54] La variable idPoll no se ha definido.
[2012/04/02 10:44:57] La variable idPoll no se ha definido.
[2012/04/02 10:44:57] La variable idPoll no se ha definido.
[2012/04/02 10:45:00] La variable idPoll no se ha definido.
[2012/04/02 10:45:00] La variable idPoll no se ha definido.
[2012/04/02 10:45:02] La variable idPoll no se ha definido.
[2012/04/02 10:45:02] La variable idPoll no se ha definido.
[2012/04/02 10:45:45] La variable idPoll no se ha definido.
[2012/04/02 10:45:45] La variable idPoll no se ha definido.
[2012/04/02 10:46:33] La variable idPoll no se ha definido.
[2012/04/02 10:46:33] La variable idPoll no se ha definido.
[2012/04/03 01:42:26] La variable idPoll no se ha definido.
[2012/04/03 01:42:26] La variable idPoll no se ha definido.
